running egg_info
creating ../../build/progetto/progetto.egg-info
writing ../../build/progetto/progetto.egg-info/PKG-INFO
writing dependency_links to ../../build/progetto/progetto.egg-info/dependency_links.txt
writing requirements to ../../build/progetto/progetto.egg-info/requires.txt
writing top-level names to ../../build/progetto/progetto.egg-info/top_level.txt
writing manifest file '../../build/progetto/progetto.egg-info/SOURCES.txt'
reading manifest file '../../build/progetto/progetto.egg-info/SOURCES.txt'
writing manifest file '../../build/progetto/progetto.egg-info/SOURCES.txt'
running build
running build_py
creating /home/paolo/ros2_ws/build/progetto/build
creating /home/paolo/ros2_ws/build/progetto/build/lib
creating /home/paolo/ros2_ws/build/progetto/build/lib/progetto
copying progetto/utils.py -> /home/paolo/ros2_ws/build/progetto/build/lib/progetto
copying progetto/Arbitraggio.py -> /home/paolo/ros2_ws/build/progetto/build/lib/progetto
copying progetto/LLMManager.py -> /home/paolo/ros2_ws/build/progetto/build/lib/progetto
copying progetto/BaseConoscenzaManager.py -> /home/paolo/ros2_ws/build/progetto/build/lib/progetto
copying progetto/InteragisciConOspite.py -> /home/paolo/ros2_ws/build/progetto/build/lib/progetto
copying progetto/InteragisciScenarioA.py -> /home/paolo/ros2_ws/build/progetto/build/lib/progetto
copying progetto/__init__.py -> /home/paolo/ros2_ws/build/progetto/build/lib/progetto
running install
running install_lib
creating /home/paolo/ros2_ws/install/progetto/lib/python3.12/site-packages/progetto
copying /home/paolo/ros2_ws/build/progetto/build/lib/progetto/utils.py -> /home/paolo/ros2_ws/install/progetto/lib/python3.12/site-packages/progetto
copying /home/paolo/ros2_ws/build/progetto/build/lib/progetto/Arbitraggio.py -> /home/paolo/ros2_ws/install/progetto/lib/python3.12/site-packages/progetto
copying /home/paolo/ros2_ws/build/progetto/build/lib/progetto/LLMManager.py -> /home/paolo/ros2_ws/install/progetto/lib/python3.12/site-packages/progetto
copying /home/paolo/ros2_ws/build/progetto/build/lib/progetto/BaseConoscenzaManager.py -> /home/paolo/ros2_ws/install/progetto/lib/python3.12/site-packages/progetto
copying /home/paolo/ros2_ws/build/progetto/build/lib/progetto/InteragisciConOspite.py -> /home/paolo/ros2_ws/install/progetto/lib/python3.12/site-packages/progetto
copying /home/paolo/ros2_ws/build/progetto/build/lib/progetto/InteragisciScenarioA.py -> /home/paolo/ros2_ws/install/progetto/lib/python3.12/site-packages/progetto
copying /home/paolo/ros2_ws/build/progetto/build/lib/progetto/__init__.py -> /home/paolo/ros2_ws/install/progetto/lib/python3.12/site-packages/progetto
byte-compiling /home/paolo/ros2_ws/install/progetto/lib/python3.12/site-packages/progetto/utils.py to utils.cpython-312.pyc
byte-compiling /home/paolo/ros2_ws/install/progetto/lib/python3.12/site-packages/progetto/Arbitraggio.py to Arbitraggio.cpython-312.pyc
byte-compiling /home/paolo/ros2_ws/install/progetto/lib/python3.12/site-packages/progetto/LLMManager.py to LLMManager.cpython-312.pyc
byte-compiling /home/paolo/ros2_ws/install/progetto/lib/python3.12/site-packages/progetto/BaseConoscenzaManager.py to BaseConoscenzaManager.cpython-312.pyc
byte-compiling /home/paolo/ros2_ws/install/progetto/lib/python3.12/site-packages/progetto/InteragisciConOspite.py to InteragisciConOspite.cpython-312.pyc
byte-compiling /home/paolo/ros2_ws/install/progetto/lib/python3.12/site-packages/progetto/InteragisciScenarioA.py to InteragisciScenarioA.cpython-312.pyc
byte-compiling /home/paolo/ros2_ws/install/progetto/lib/python3.12/site-packages/progetto/__init__.py to __init__.cpython-312.pyc
running install_data
creating /home/paolo/ros2_ws/install/progetto/share/ament_index
creating /home/paolo/ros2_ws/install/progetto/share/ament_index/resource_index
creating /home/paolo/ros2_ws/install/progetto/share/ament_index/resource_index/packages
copying resource/progetto -> /home/paolo/ros2_ws/install/progetto/share/ament_index/resource_index/packages
copying package.xml -> /home/paolo/ros2_ws/install/progetto/share/progetto
running install_egg_info
Copying ../../build/progetto/progetto.egg-info to /home/paolo/ros2_ws/install/progetto/lib/python3.12/site-packages/progetto-0.0.0-py3.12.egg-info
running install_scripts
writing list of installed files to '/home/paolo/ros2_ws/build/progetto/install.log'
