[2.116s] Invoking command in '/home/paolo/ros2_ws/src/progetto': PYTHONPATH=/home/paolo/ros2_ws/build/progetto/prefix_override:/usr/lib/python3/dist-packages/colcon_core/task/python/colcon_distutils_commands:/home/paolo/ros2_ws/install/progetto/lib/python3.12/site-packages:${PYTHONPATH} /usr/bin/python3 -W ignore:setup.py install is deprecated -W ignore:easy_install command is deprecated setup.py egg_info --egg-base ../../build/progetto build --build-base /home/paolo/ros2_ws/build/progetto/build install --record /home/paolo/ros2_ws/build/progetto/install.log --single-version-externally-managed install_data
[2.421s] running egg_info
[2.422s] creating ../../build/progetto/progetto.egg-info
[2.447s] writing ../../build/progetto/progetto.egg-info/PKG-INFO
[2.447s] writing dependency_links to ../../build/progetto/progetto.egg-info/dependency_links.txt
[2.448s] writing requirements to ../../build/progetto/progetto.egg-info/requires.txt
[2.448s] writing top-level names to ../../build/progetto/progetto.egg-info/top_level.txt
[2.449s] writing manifest file '../../build/progetto/progetto.egg-info/SOURCES.txt'
[2.492s] reading manifest file '../../build/progetto/progetto.egg-info/SOURCES.txt'
[2.494s] writing manifest file '../../build/progetto/progetto.egg-info/SOURCES.txt'
[2.494s] running build
[2.494s] running build_py
[2.495s] creating /home/paolo/ros2_ws/build/progetto/build
[2.495s] creating /home/paolo/ros2_ws/build/progetto/build/lib
[2.495s] creating /home/paolo/ros2_ws/build/progetto/build/lib/progetto
[2.495s] copying progetto/utils.py -> /home/paolo/ros2_ws/build/progetto/build/lib/progetto
[2.497s] copying progetto/Arbitraggio.py -> /home/paolo/ros2_ws/build/progetto/build/lib/progetto
[2.497s] copying progetto/LLMManager.py -> /home/paolo/ros2_ws/build/progetto/build/lib/progetto
[2.497s] copying progetto/BaseConoscenzaManager.py -> /home/paolo/ros2_ws/build/progetto/build/lib/progetto
[2.498s] copying progetto/InteragisciConOspite.py -> /home/paolo/ros2_ws/build/progetto/build/lib/progetto
[2.499s] copying progetto/InteragisciScenarioA.py -> /home/paolo/ros2_ws/build/progetto/build/lib/progetto
[2.499s] copying progetto/__init__.py -> /home/paolo/ros2_ws/build/progetto/build/lib/progetto
[2.500s] running install
[2.509s] running install_lib
[2.529s] creating /home/paolo/ros2_ws/install/progetto/lib/python3.12/site-packages/progetto
[2.530s] copying /home/paolo/ros2_ws/build/progetto/build/lib/progetto/utils.py -> /home/paolo/ros2_ws/install/progetto/lib/python3.12/site-packages/progetto
[2.530s] copying /home/paolo/ros2_ws/build/progetto/build/lib/progetto/Arbitraggio.py -> /home/paolo/ros2_ws/install/progetto/lib/python3.12/site-packages/progetto
[2.531s] copying /home/paolo/ros2_ws/build/progetto/build/lib/progetto/LLMManager.py -> /home/paolo/ros2_ws/install/progetto/lib/python3.12/site-packages/progetto
[2.531s] copying /home/paolo/ros2_ws/build/progetto/build/lib/progetto/BaseConoscenzaManager.py -> /home/paolo/ros2_ws/install/progetto/lib/python3.12/site-packages/progetto
[2.531s] copying /home/paolo/ros2_ws/build/progetto/build/lib/progetto/InteragisciConOspite.py -> /home/paolo/ros2_ws/install/progetto/lib/python3.12/site-packages/progetto
[2.531s] copying /home/paolo/ros2_ws/build/progetto/build/lib/progetto/InteragisciScenarioA.py -> /home/paolo/ros2_ws/install/progetto/lib/python3.12/site-packages/progetto
[2.531s] copying /home/paolo/ros2_ws/build/progetto/build/lib/progetto/__init__.py -> /home/paolo/ros2_ws/install/progetto/lib/python3.12/site-packages/progetto
[2.532s] byte-compiling /home/paolo/ros2_ws/install/progetto/lib/python3.12/site-packages/progetto/utils.py to utils.cpython-312.pyc
[2.532s] byte-compiling /home/paolo/ros2_ws/install/progetto/lib/python3.12/site-packages/progetto/Arbitraggio.py to Arbitraggio.cpython-312.pyc
[2.534s] byte-compiling /home/paolo/ros2_ws/install/progetto/lib/python3.12/site-packages/progetto/LLMManager.py to LLMManager.cpython-312.pyc
[2.535s] byte-compiling /home/paolo/ros2_ws/install/progetto/lib/python3.12/site-packages/progetto/BaseConoscenzaManager.py to BaseConoscenzaManager.cpython-312.pyc
[2.536s] byte-compiling /home/paolo/ros2_ws/install/progetto/lib/python3.12/site-packages/progetto/InteragisciConOspite.py to InteragisciConOspite.cpython-312.pyc
[2.536s] byte-compiling /home/paolo/ros2_ws/install/progetto/lib/python3.12/site-packages/progetto/InteragisciScenarioA.py to InteragisciScenarioA.cpython-312.pyc
[2.537s] byte-compiling /home/paolo/ros2_ws/install/progetto/lib/python3.12/site-packages/progetto/__init__.py to __init__.cpython-312.pyc
[2.537s] running install_data
[2.538s] creating /home/paolo/ros2_ws/install/progetto/share/ament_index
[2.538s] creating /home/paolo/ros2_ws/install/progetto/share/ament_index/resource_index
[2.541s] creating /home/paolo/ros2_ws/install/progetto/share/ament_index/resource_index/packages
[2.541s] copying resource/progetto -> /home/paolo/ros2_ws/install/progetto/share/ament_index/resource_index/packages
[2.542s] copying package.xml -> /home/paolo/ros2_ws/install/progetto/share/progetto
[2.543s] running install_egg_info
[2.576s] Copying ../../build/progetto/progetto.egg-info to /home/paolo/ros2_ws/install/progetto/lib/python3.12/site-packages/progetto-0.0.0-py3.12.egg-info
[2.578s] running install_scripts
[2.752s] writing list of installed files to '/home/paolo/ros2_ws/build/progetto/install.log'
[2.794s] Invoked command in '/home/paolo/ros2_ws/src/progetto' returned '0': PYTHONPATH=/home/paolo/ros2_ws/build/progetto/prefix_override:/usr/lib/python3/dist-packages/colcon_core/task/python/colcon_distutils_commands:/home/paolo/ros2_ws/install/progetto/lib/python3.12/site-packages:${PYTHONPATH} /usr/bin/python3 -W ignore:setup.py install is deprecated -W ignore:easy_install command is deprecated setup.py egg_info --egg-base ../../build/progetto build --build-base /home/paolo/ros2_ws/build/progetto/build install --record /home/paolo/ros2_ws/build/progetto/install.log --single-version-externally-managed install_data
