[1.962s] Invoking command in '/home/paolo/ros2_ws/src/progetto': PYTHONPATH=/home/paolo/ros2_ws/build/progetto/prefix_override:/usr/lib/python3/dist-packages/colcon_core/task/python/colcon_distutils_commands:/home/paolo/ros2_ws/install/progetto/lib/python3.12/site-packages:${PYTHONPATH} /usr/bin/python3 -W ignore:setup.py install is deprecated -W ignore:easy_install command is deprecated setup.py egg_info --egg-base ../../build/progetto build --build-base /home/paolo/ros2_ws/build/progetto/build install --record /home/paolo/ros2_ws/build/progetto/install.log --single-version-externally-managed install_data
[2.292s] running egg_info
[2.310s] writing ../../build/progetto/progetto.egg-info/PKG-INFO
[2.313s] writing dependency_links to ../../build/progetto/progetto.egg-info/dependency_links.txt
[2.314s] writing entry points to ../../build/progetto/progetto.egg-info/entry_points.txt
[2.315s] writing requirements to ../../build/progetto/progetto.egg-info/requires.txt
[2.315s] writing top-level names to ../../build/progetto/progetto.egg-info/top_level.txt
[2.365s] reading manifest file '../../build/progetto/progetto.egg-info/SOURCES.txt'
[2.368s] writing manifest file '../../build/progetto/progetto.egg-info/SOURCES.txt'
[2.368s] running build
[2.368s] running build_py
[2.368s] copying progetto/Arbitraggio.py -> /home/paolo/ros2_ws/build/progetto/build/lib/progetto
[2.370s] copying progetto/InteragisciScenarioA.py -> /home/paolo/ros2_ws/build/progetto/build/lib/progetto
[2.370s] running install
[2.378s] running install_lib
[2.397s] copying /home/paolo/ros2_ws/build/progetto/build/lib/progetto/Arbitraggio.py -> /home/paolo/ros2_ws/install/progetto/lib/python3.12/site-packages/progetto
[2.398s] copying /home/paolo/ros2_ws/build/progetto/build/lib/progetto/InteragisciScenarioA.py -> /home/paolo/ros2_ws/install/progetto/lib/python3.12/site-packages/progetto
[2.398s] byte-compiling /home/paolo/ros2_ws/install/progetto/lib/python3.12/site-packages/progetto/Arbitraggio.py to Arbitraggio.cpython-312.pyc
[2.400s] byte-compiling /home/paolo/ros2_ws/install/progetto/lib/python3.12/site-packages/progetto/InteragisciScenarioA.py to InteragisciScenarioA.cpython-312.pyc
[2.401s] running install_data
[2.401s] running install_egg_info
[2.420s] removing '/home/paolo/ros2_ws/install/progetto/lib/python3.12/site-packages/progetto-0.0.0-py3.12.egg-info' (and everything under it)
[2.420s] Copying ../../build/progetto/progetto.egg-info to /home/paolo/ros2_ws/install/progetto/lib/python3.12/site-packages/progetto-0.0.0-py3.12.egg-info
[2.423s] running install_scripts
[2.570s] Installing progetto script to /home/paolo/ros2_ws/install/progetto/lib/progetto
[2.570s] writing list of installed files to '/home/paolo/ros2_ws/build/progetto/install.log'
[2.617s] Invoked command in '/home/paolo/ros2_ws/src/progetto' returned '0': PYTHONPATH=/home/paolo/ros2_ws/build/progetto/prefix_override:/usr/lib/python3/dist-packages/colcon_core/task/python/colcon_distutils_commands:/home/paolo/ros2_ws/install/progetto/lib/python3.12/site-packages:${PYTHONPATH} /usr/bin/python3 -W ignore:setup.py install is deprecated -W ignore:easy_install command is deprecated setup.py egg_info --egg-base ../../build/progetto build --build-base /home/paolo/ros2_ws/build/progetto/build install --record /home/paolo/ros2_ws/build/progetto/install.log --single-version-externally-managed install_data
