/home/paolo/ros2_ws/install/progetto/lib/python3.12/site-packages/progetto/utils.py
/home/paolo/ros2_ws/install/progetto/lib/python3.12/site-packages/progetto/Arbitraggio.py
/home/paolo/ros2_ws/install/progetto/lib/python3.12/site-packages/progetto/LLMManager.py
/home/paolo/ros2_ws/install/progetto/lib/python3.12/site-packages/progetto/BaseConoscenzaManager.py
/home/paolo/ros2_ws/install/progetto/lib/python3.12/site-packages/progetto/InteragisciConOspite.py
/home/paolo/ros2_ws/install/progetto/lib/python3.12/site-packages/progetto/InteragisciScenarioA.py
/home/paolo/ros2_ws/install/progetto/lib/python3.12/site-packages/progetto/__init__.py
/home/paolo/ros2_ws/install/progetto/lib/python3.12/site-packages/progetto/__pycache__/utils.cpython-312.pyc
/home/paolo/ros2_ws/install/progetto/lib/python3.12/site-packages/progetto/__pycache__/Arbitraggio.cpython-312.pyc
/home/paolo/ros2_ws/install/progetto/lib/python3.12/site-packages/progetto/__pycache__/LLMManager.cpython-312.pyc
/home/paolo/ros2_ws/install/progetto/lib/python3.12/site-packages/progetto/__pycache__/BaseConoscenzaManager.cpython-312.pyc
/home/paolo/ros2_ws/install/progetto/lib/python3.12/site-packages/progetto/__pycache__/InteragisciConOspite.cpython-312.pyc
/home/paolo/ros2_ws/install/progetto/lib/python3.12/site-packages/progetto/__pycache__/InteragisciScenarioA.cpython-312.pyc
/home/paolo/ros2_ws/install/progetto/lib/python3.12/site-packages/progetto/__pycache__/__init__.cpython-312.pyc
/home/paolo/ros2_ws/install/progetto/share/ament_index/resource_index/packages/progetto
/home/paolo/ros2_ws/install/progetto/share/progetto/package.xml
/home/paolo/ros2_ws/install/progetto/lib/python3.12/site-packages/progetto-0.0.0-py3.12.egg-info/dependency_links.txt
/home/paolo/ros2_ws/install/progetto/lib/python3.12/site-packages/progetto-0.0.0-py3.12.egg-info/zip-safe
/home/paolo/ros2_ws/install/progetto/lib/python3.12/site-packages/progetto-0.0.0-py3.12.egg-info/top_level.txt
/home/paolo/ros2_ws/install/progetto/lib/python3.12/site-packages/progetto-0.0.0-py3.12.egg-info/PKG-INFO
/home/paolo/ros2_ws/install/progetto/lib/python3.12/site-packages/progetto-0.0.0-py3.12.egg-info/entry_points.txt
/home/paolo/ros2_ws/install/progetto/lib/python3.12/site-packages/progetto-0.0.0-py3.12.egg-info/requires.txt
/home/paolo/ros2_ws/install/progetto/lib/python3.12/site-packages/progetto-0.0.0-py3.12.egg-info/SOURCES.txt
/home/paolo/ros2_ws/install/progetto/lib/progetto/progetto
