[1.984s] Invoking command in '/home/paolo/ros2_ws/src/progetto': PYTHONPATH=/home/paolo/ros2_ws/build/progetto/prefix_override:/usr/lib/python3/dist-packages/colcon_core/task/python/colcon_distutils_commands:/home/paolo/ros2_ws/install/progetto/lib/python3.12/site-packages:${PYTHONPATH} /usr/bin/python3 -W ignore:setup.py install is deprecated -W ignore:easy_install command is deprecated setup.py egg_info --egg-base ../../build/progetto build --build-base /home/paolo/ros2_ws/build/progetto/build install --record /home/paolo/ros2_ws/build/progetto/install.log --single-version-externally-managed install_data
[2.302s] running egg_info
[2.327s] writing ../../build/progetto/progetto.egg-info/PKG-INFO
[2.328s] writing dependency_links to ../../build/progetto/progetto.egg-info/dependency_links.txt
[2.329s] writing entry points to ../../build/progetto/progetto.egg-info/entry_points.txt
[2.329s] writing requirements to ../../build/progetto/progetto.egg-info/requires.txt
[2.329s] writing top-level names to ../../build/progetto/progetto.egg-info/top_level.txt
[2.370s] reading manifest file '../../build/progetto/progetto.egg-info/SOURCES.txt'
[2.373s] writing manifest file '../../build/progetto/progetto.egg-info/SOURCES.txt'
[2.374s] running build
[2.375s] running build_py
[2.376s] copying progetto/interagisci_scenario_a.py -> /home/paolo/ros2_ws/build/progetto/build/lib/progetto
[2.376s] running install
[2.384s] running install_lib
[2.405s] copying /home/paolo/ros2_ws/build/progetto/build/lib/progetto/interagisci_scenario_a.py -> /home/paolo/ros2_ws/install/progetto/lib/python3.12/site-packages/progetto
[2.406s] byte-compiling /home/paolo/ros2_ws/install/progetto/lib/python3.12/site-packages/progetto/interagisci_scenario_a.py to interagisci_scenario_a.cpython-312.pyc
[2.408s] running install_data
[2.410s] running install_egg_info
[2.430s] removing '/home/paolo/ros2_ws/install/progetto/lib/python3.12/site-packages/progetto-0.0.0-py3.12.egg-info' (and everything under it)
[2.432s] Copying ../../build/progetto/progetto.egg-info to /home/paolo/ros2_ws/install/progetto/lib/python3.12/site-packages/progetto-0.0.0-py3.12.egg-info
[2.437s] running install_scripts
[2.621s] Installing progetto script to /home/paolo/ros2_ws/install/progetto/lib/progetto
[2.621s] writing list of installed files to '/home/paolo/ros2_ws/build/progetto/install.log'
[2.661s] Invoked command in '/home/paolo/ros2_ws/src/progetto' returned '0': PYTHONPATH=/home/paolo/ros2_ws/build/progetto/prefix_override:/usr/lib/python3/dist-packages/colcon_core/task/python/colcon_distutils_commands:/home/paolo/ros2_ws/install/progetto/lib/python3.12/site-packages:${PYTHONPATH} /usr/bin/python3 -W ignore:setup.py install is deprecated -W ignore:easy_install command is deprecated setup.py egg_info --egg-base ../../build/progetto build --build-base /home/paolo/ros2_ws/build/progetto/build install --record /home/paolo/ros2_ws/build/progetto/install.log --single-version-externally-managed install_data
