[1.736s] Invoking command in '/home/paolo/ros2_ws/src/progetto': PYTHONPATH=/home/paolo/ros2_ws/build/progetto/prefix_override:/usr/lib/python3/dist-packages/colcon_core/task/python/colcon_distutils_commands:/home/paolo/ros2_ws/install/progetto/lib/python3.12/site-packages:${PYTHONPATH} /usr/bin/python3 -W ignore:setup.py install is deprecated -W ignore:easy_install command is deprecated setup.py egg_info --egg-base ../../build/progetto build --build-base /home/paolo/ros2_ws/build/progetto/build install --record /home/paolo/ros2_ws/build/progetto/install.log --single-version-externally-managed install_data
[2.067s] running egg_info
[2.087s] writing ../../build/progetto/progetto.egg-info/PKG-INFO
[2.087s] writing dependency_links to ../../build/progetto/progetto.egg-info/dependency_links.txt
[2.087s] writing entry points to ../../build/progetto/progetto.egg-info/entry_points.txt
[2.088s] writing requirements to ../../build/progetto/progetto.egg-info/requires.txt
[2.088s] writing top-level names to ../../build/progetto/progetto.egg-info/top_level.txt
[2.128s] reading manifest file '../../build/progetto/progetto.egg-info/SOURCES.txt'
[2.130s] writing manifest file '../../build/progetto/progetto.egg-info/SOURCES.txt'
[2.130s] running build
[2.130s] running build_py
[2.131s] copying progetto/Arbitraggio.py -> /home/paolo/ros2_ws/build/progetto/build/lib/progetto
[2.132s] running install
[2.140s] running install_lib
[2.159s] copying /home/paolo/ros2_ws/build/progetto/build/lib/progetto/Arbitraggio.py -> /home/paolo/ros2_ws/install/progetto/lib/python3.12/site-packages/progetto
[2.160s] byte-compiling /home/paolo/ros2_ws/install/progetto/lib/python3.12/site-packages/progetto/Arbitraggio.py to Arbitraggio.cpython-312.pyc
[2.162s] running install_data
[2.162s] running install_egg_info
[2.184s] removing '/home/paolo/ros2_ws/install/progetto/lib/python3.12/site-packages/progetto-0.0.0-py3.12.egg-info' (and everything under it)
[2.185s] Copying ../../build/progetto/progetto.egg-info to /home/paolo/ros2_ws/install/progetto/lib/python3.12/site-packages/progetto-0.0.0-py3.12.egg-info
[2.187s] running install_scripts
[2.327s] Installing progetto script to /home/paolo/ros2_ws/install/progetto/lib/progetto
[2.328s] writing list of installed files to '/home/paolo/ros2_ws/build/progetto/install.log'
[2.373s] Invoked command in '/home/paolo/ros2_ws/src/progetto' returned '0': PYTHONPATH=/home/paolo/ros2_ws/build/progetto/prefix_override:/usr/lib/python3/dist-packages/colcon_core/task/python/colcon_distutils_commands:/home/paolo/ros2_ws/install/progetto/lib/python3.12/site-packages:${PYTHONPATH} /usr/bin/python3 -W ignore:setup.py install is deprecated -W ignore:easy_install command is deprecated setup.py egg_info --egg-base ../../build/progetto build --build-base /home/paolo/ros2_ws/build/progetto/build install --record /home/paolo/ros2_ws/build/progetto/install.log --single-version-externally-managed install_data
