running egg_info
writing ../../build/progetto/progetto.egg-info/PKG-INFO
writing dependency_links to ../../build/progetto/progetto.egg-info/dependency_links.txt
writing entry points to ../../build/progetto/progetto.egg-info/entry_points.txt
writing requirements to ../../build/progetto/progetto.egg-info/requires.txt
writing top-level names to ../../build/progetto/progetto.egg-info/top_level.txt
reading manifest file '../../build/progetto/progetto.egg-info/SOURCES.txt'
writing manifest file '../../build/progetto/progetto.egg-info/SOURCES.txt'
running build
running build_py
copying progetto/BaseConoscenzaManager.py -> /home/paolo/ros2_ws/build/progetto/build/lib/progetto
running install
running install_lib
copying /home/paolo/ros2_ws/build/progetto/build/lib/progetto/BaseConoscenzaManager.py -> /home/paolo/ros2_ws/install/progetto/lib/python3.12/site-packages/progetto
byte-compiling /home/paolo/ros2_ws/install/progetto/lib/python3.12/site-packages/progetto/BaseConoscenzaManager.py to BaseConoscenzaManager.cpython-312.pyc
running install_data
running install_egg_info
removing '/home/paolo/ros2_ws/install/progetto/lib/python3.12/site-packages/progetto-0.0.0-py3.12.egg-info' (and everything under it)
Copying ../../build/progetto/progetto.egg-info to /home/paolo/ros2_ws/install/progetto/lib/python3.12/site-packages/progetto-0.0.0-py3.12.egg-info
running install_scripts
Installing progetto script to /home/paolo/ros2_ws/install/progetto/lib/progetto
writing list of installed files to '/home/paolo/ros2_ws/build/progetto/install.log'
