[1.931s] Invoking command in '/home/paolo/ros2_ws/src/progetto': PYTHONPATH=/home/paolo/ros2_ws/build/progetto/prefix_override:/usr/lib/python3/dist-packages/colcon_core/task/python/colcon_distutils_commands:/home/paolo/ros2_ws/install/progetto/lib/python3.12/site-packages:${PYTHONPATH} /usr/bin/python3 -W ignore:setup.py install is deprecated -W ignore:easy_install command is deprecated setup.py egg_info --egg-base ../../build/progetto build --build-base /home/paolo/ros2_ws/build/progetto/build install --record /home/paolo/ros2_ws/build/progetto/install.log --single-version-externally-managed install_data
[2.240s] running egg_info
[2.261s] writing ../../build/progetto/progetto.egg-info/PKG-INFO
[2.263s] writing dependency_links to ../../build/progetto/progetto.egg-info/dependency_links.txt
[2.263s] writing entry points to ../../build/progetto/progetto.egg-info/entry_points.txt
[2.264s] writing requirements to ../../build/progetto/progetto.egg-info/requires.txt
[2.264s] writing top-level names to ../../build/progetto/progetto.egg-info/top_level.txt
[2.304s] reading manifest file '../../build/progetto/progetto.egg-info/SOURCES.txt'
[2.306s] writing manifest file '../../build/progetto/progetto.egg-info/SOURCES.txt'
[2.307s] running build
[2.307s] running build_py
[2.307s] copying progetto/Arbitraggio.py -> /home/paolo/ros2_ws/build/progetto/build/lib/progetto
[2.308s] running install
[2.319s] running install_lib
[2.338s] copying /home/paolo/ros2_ws/build/progetto/build/lib/progetto/Arbitraggio.py -> /home/paolo/ros2_ws/install/progetto/lib/python3.12/site-packages/progetto
[2.340s] byte-compiling /home/paolo/ros2_ws/install/progetto/lib/python3.12/site-packages/progetto/Arbitraggio.py to Arbitraggio.cpython-312.pyc
[2.343s] running install_data
[2.344s] running install_egg_info
[2.366s] removing '/home/paolo/ros2_ws/install/progetto/lib/python3.12/site-packages/progetto-0.0.0-py3.12.egg-info' (and everything under it)
[2.367s] Copying ../../build/progetto/progetto.egg-info to /home/paolo/ros2_ws/install/progetto/lib/python3.12/site-packages/progetto-0.0.0-py3.12.egg-info
[2.368s] running install_scripts
[2.520s] Installing progetto script to /home/paolo/ros2_ws/install/progetto/lib/progetto
[2.521s] writing list of installed files to '/home/paolo/ros2_ws/build/progetto/install.log'
[2.594s] Invoked command in '/home/paolo/ros2_ws/src/progetto' returned '0': PYTHONPATH=/home/paolo/ros2_ws/build/progetto/prefix_override:/usr/lib/python3/dist-packages/colcon_core/task/python/colcon_distutils_commands:/home/paolo/ros2_ws/install/progetto/lib/python3.12/site-packages:${PYTHONPATH} /usr/bin/python3 -W ignore:setup.py install is deprecated -W ignore:easy_install command is deprecated setup.py egg_info --egg-base ../../build/progetto build --build-base /home/paolo/ros2_ws/build/progetto/build install --record /home/paolo/ros2_ws/build/progetto/install.log --single-version-externally-managed install_data
