[2.078s] Invoking command in '/home/paolo/ros2_ws/src/ROS-TCP-Endpoint': PYTHONPATH=/home/paolo/ros2_ws/build/ros_tcp_endpoint/prefix_override:/usr/lib/python3/dist-packages/colcon_core/task/python/colcon_distutils_commands:/home/paolo/ros2_ws/install/ros_tcp_endpoint/lib/python3.12/site-packages:${PYTHONPATH} /usr/bin/python3 -W ignore:setup.py install is deprecated -W ignore:easy_install command is deprecated setup.py egg_info --egg-base ../../build/ros_tcp_endpoint build --build-base /home/paolo/ros2_ws/build/ros_tcp_endpoint/build install --record /home/paolo/ros2_ws/build/ros_tcp_endpoint/install.log --install-scripts $base/lib/ros_tcp_endpoint --single-version-externally-managed install_data
[2.250s] /usr/lib/python3/dist-packages/setuptools/dist.py:744: SetuptoolsDeprecationWarning: Invalid dash-separated options
[2.250s] !!
[2.250s] 
[2.250s]         ********************************************************************************
[2.251s]         Usage of dash-separated 'script-dir' will not be supported in future
[2.251s]         versions. Please use the underscore name 'script_dir' instead.
[2.251s] 
[2.251s]         This deprecation is overdue, please update your project and remove deprecated
[2.251s]         calls to avoid build errors in the future.
[2.251s] 
[2.251s]         See https://setuptools.pypa.io/en/latest/userguide/declarative_config.html for details.
[2.252s]         ********************************************************************************
[2.252s] 
[2.252s] !!
[2.252s]   opt = self.warn_dash_deprecation(opt, section)
[2.399s] running egg_info
[2.399s] creating ../../build/ros_tcp_endpoint/ros_tcp_endpoint.egg-info
[2.418s] writing ../../build/ros_tcp_endpoint/ros_tcp_endpoint.egg-info/PKG-INFO
[2.418s] writing dependency_links to ../../build/ros_tcp_endpoint/ros_tcp_endpoint.egg-info/dependency_links.txt
[2.419s] writing entry points to ../../build/ros_tcp_endpoint/ros_tcp_endpoint.egg-info/entry_points.txt
[2.419s] writing requirements to ../../build/ros_tcp_endpoint/ros_tcp_endpoint.egg-info/requires.txt
[2.419s] writing top-level names to ../../build/ros_tcp_endpoint/ros_tcp_endpoint.egg-info/top_level.txt
[2.419s] writing manifest file '../../build/ros_tcp_endpoint/ros_tcp_endpoint.egg-info/SOURCES.txt'
[2.475s] reading manifest file '../../build/ros_tcp_endpoint/ros_tcp_endpoint.egg-info/SOURCES.txt'
[2.475s] adding license file 'LICENSE'
[2.475s] writing manifest file '../../build/ros_tcp_endpoint/ros_tcp_endpoint.egg-info/SOURCES.txt'
[2.476s] running build
[2.476s] running build_py
[2.476s] creating /home/paolo/ros2_ws/build/ros_tcp_endpoint/build
[2.476s] creating /home/paolo/ros2_ws/build/ros_tcp_endpoint/build/lib
[2.476s] creating /home/paolo/ros2_ws/build/ros_tcp_endpoint/build/lib/ros_tcp_endpoint
[2.476s] copying ros_tcp_endpoint/publisher.py -> /home/paolo/ros2_ws/build/ros_tcp_endpoint/build/lib/ros_tcp_endpoint
[2.477s] copying ros_tcp_endpoint/service.py -> /home/paolo/ros2_ws/build/ros_tcp_endpoint/build/lib/ros_tcp_endpoint
[2.478s] copying ros_tcp_endpoint/tcp_sender.py -> /home/paolo/ros2_ws/build/ros_tcp_endpoint/build/lib/ros_tcp_endpoint
[2.479s] copying ros_tcp_endpoint/subscriber.py -> /home/paolo/ros2_ws/build/ros_tcp_endpoint/build/lib/ros_tcp_endpoint
[2.479s] copying ros_tcp_endpoint/unity_service.py -> /home/paolo/ros2_ws/build/ros_tcp_endpoint/build/lib/ros_tcp_endpoint
[2.480s] copying ros_tcp_endpoint/server.py -> /home/paolo/ros2_ws/build/ros_tcp_endpoint/build/lib/ros_tcp_endpoint
[2.481s] copying ros_tcp_endpoint/client.py -> /home/paolo/ros2_ws/build/ros_tcp_endpoint/build/lib/ros_tcp_endpoint
[2.482s] copying ros_tcp_endpoint/communication.py -> /home/paolo/ros2_ws/build/ros_tcp_endpoint/build/lib/ros_tcp_endpoint
[2.483s] copying ros_tcp_endpoint/thread_pauser.py -> /home/paolo/ros2_ws/build/ros_tcp_endpoint/build/lib/ros_tcp_endpoint
[2.483s] copying ros_tcp_endpoint/exceptions.py -> /home/paolo/ros2_ws/build/ros_tcp_endpoint/build/lib/ros_tcp_endpoint
[2.484s] copying ros_tcp_endpoint/__init__.py -> /home/paolo/ros2_ws/build/ros_tcp_endpoint/build/lib/ros_tcp_endpoint
[2.486s] copying ros_tcp_endpoint/default_server_endpoint.py -> /home/paolo/ros2_ws/build/ros_tcp_endpoint/build/lib/ros_tcp_endpoint
[2.487s] running install
[2.494s] running install_lib
[2.518s] creating /home/paolo/ros2_ws/install/ros_tcp_endpoint/lib/python3.12/site-packages/ros_tcp_endpoint
[2.518s] copying /home/paolo/ros2_ws/build/ros_tcp_endpoint/build/lib/ros_tcp_endpoint/publisher.py -> /home/paolo/ros2_ws/install/ros_tcp_endpoint/lib/python3.12/site-packages/ros_tcp_endpoint
[2.518s] copying /home/paolo/ros2_ws/build/ros_tcp_endpoint/build/lib/ros_tcp_endpoint/service.py -> /home/paolo/ros2_ws/install/ros_tcp_endpoint/lib/python3.12/site-packages/ros_tcp_endpoint
[2.519s] copying /home/paolo/ros2_ws/build/ros_tcp_endpoint/build/lib/ros_tcp_endpoint/tcp_sender.py -> /home/paolo/ros2_ws/install/ros_tcp_endpoint/lib/python3.12/site-packages/ros_tcp_endpoint
[2.520s] copying /home/paolo/ros2_ws/build/ros_tcp_endpoint/build/lib/ros_tcp_endpoint/subscriber.py -> /home/paolo/ros2_ws/install/ros_tcp_endpoint/lib/python3.12/site-packages/ros_tcp_endpoint
[2.520s] copying /home/paolo/ros2_ws/build/ros_tcp_endpoint/build/lib/ros_tcp_endpoint/unity_service.py -> /home/paolo/ros2_ws/install/ros_tcp_endpoint/lib/python3.12/site-packages/ros_tcp_endpoint
[2.520s] copying /home/paolo/ros2_ws/build/ros_tcp_endpoint/build/lib/ros_tcp_endpoint/server.py -> /home/paolo/ros2_ws/install/ros_tcp_endpoint/lib/python3.12/site-packages/ros_tcp_endpoint
[2.520s] copying /home/paolo/ros2_ws/build/ros_tcp_endpoint/build/lib/ros_tcp_endpoint/client.py -> /home/paolo/ros2_ws/install/ros_tcp_endpoint/lib/python3.12/site-packages/ros_tcp_endpoint
[2.521s] copying /home/paolo/ros2_ws/build/ros_tcp_endpoint/build/lib/ros_tcp_endpoint/communication.py -> /home/paolo/ros2_ws/install/ros_tcp_endpoint/lib/python3.12/site-packages/ros_tcp_endpoint
[2.521s] copying /home/paolo/ros2_ws/build/ros_tcp_endpoint/build/lib/ros_tcp_endpoint/thread_pauser.py -> /home/paolo/ros2_ws/install/ros_tcp_endpoint/lib/python3.12/site-packages/ros_tcp_endpoint
[2.522s] copying /home/paolo/ros2_ws/build/ros_tcp_endpoint/build/lib/ros_tcp_endpoint/exceptions.py -> /home/paolo/ros2_ws/install/ros_tcp_endpoint/lib/python3.12/site-packages/ros_tcp_endpoint
[2.522s] copying /home/paolo/ros2_ws/build/ros_tcp_endpoint/build/lib/ros_tcp_endpoint/__init__.py -> /home/paolo/ros2_ws/install/ros_tcp_endpoint/lib/python3.12/site-packages/ros_tcp_endpoint
[2.523s] copying /home/paolo/ros2_ws/build/ros_tcp_endpoint/build/lib/ros_tcp_endpoint/default_server_endpoint.py -> /home/paolo/ros2_ws/install/ros_tcp_endpoint/lib/python3.12/site-packages/ros_tcp_endpoint
[2.523s] byte-compiling /home/paolo/ros2_ws/install/ros_tcp_endpoint/lib/python3.12/site-packages/ros_tcp_endpoint/publisher.py to publisher.cpython-312.pyc
[2.525s] byte-compiling /home/paolo/ros2_ws/install/ros_tcp_endpoint/lib/python3.12/site-packages/ros_tcp_endpoint/service.py to service.cpython-312.pyc
[2.526s] byte-compiling /home/paolo/ros2_ws/install/ros_tcp_endpoint/lib/python3.12/site-packages/ros_tcp_endpoint/tcp_sender.py to tcp_sender.cpython-312.pyc
[2.529s] byte-compiling /home/paolo/ros2_ws/install/ros_tcp_endpoint/lib/python3.12/site-packages/ros_tcp_endpoint/subscriber.py to subscriber.cpython-312.pyc
[2.529s] byte-compiling /home/paolo/ros2_ws/install/ros_tcp_endpoint/lib/python3.12/site-packages/ros_tcp_endpoint/unity_service.py to unity_service.cpython-312.pyc
[2.530s] byte-compiling /home/paolo/ros2_ws/install/ros_tcp_endpoint/lib/python3.12/site-packages/ros_tcp_endpoint/server.py to server.cpython-312.pyc
[2.536s] byte-compiling /home/paolo/ros2_ws/install/ros_tcp_endpoint/lib/python3.12/site-packages/ros_tcp_endpoint/client.py to client.cpython-312.pyc
[2.538s] byte-compiling /home/paolo/ros2_ws/install/ros_tcp_endpoint/lib/python3.12/site-packages/ros_tcp_endpoint/communication.py to communication.cpython-312.pyc
[2.538s] byte-compiling /home/paolo/ros2_ws/install/ros_tcp_endpoint/lib/python3.12/site-packages/ros_tcp_endpoint/thread_pauser.py to thread_pauser.cpython-312.pyc
[2.541s] byte-compiling /home/paolo/ros2_ws/install/ros_tcp_endpoint/lib/python3.12/site-packages/ros_tcp_endpoint/exceptions.py to exceptions.cpython-312.pyc
[2.541s] byte-compiling /home/paolo/ros2_ws/install/ros_tcp_endpoint/lib/python3.12/site-packages/ros_tcp_endpoint/__init__.py to __init__.cpython-312.pyc
[2.542s] byte-compiling /home/paolo/ros2_ws/install/ros_tcp_endpoint/lib/python3.12/site-packages/ros_tcp_endpoint/default_server_endpoint.py to default_server_endpoint.cpython-312.pyc
[2.543s] running install_data
[2.543s] creating /home/paolo/ros2_ws/install/ros_tcp_endpoint/share/ament_index
[2.543s] creating /home/paolo/ros2_ws/install/ros_tcp_endpoint/share/ament_index/resource_index
[2.543s] creating /home/paolo/ros2_ws/install/ros_tcp_endpoint/share/ament_index/resource_index/packages
[2.544s] copying resource/ros_tcp_endpoint -> /home/paolo/ros2_ws/install/ros_tcp_endpoint/share/ament_index/resource_index/packages
[2.544s] copying package.xml -> /home/paolo/ros2_ws/install/ros_tcp_endpoint/share/ros_tcp_endpoint
[2.544s] creating /home/paolo/ros2_ws/install/ros_tcp_endpoint/share/ros_tcp_endpoint/launch
[2.544s] copying launch/endpoint.py -> /home/paolo/ros2_ws/install/ros_tcp_endpoint/share/ros_tcp_endpoint/launch
[2.546s] running install_egg_info
[2.574s] Copying ../../build/ros_tcp_endpoint/ros_tcp_endpoint.egg-info to /home/paolo/ros2_ws/install/ros_tcp_endpoint/lib/python3.12/site-packages/ros_tcp_endpoint-0.0.1-py3.12.egg-info
[2.575s] running install_scripts
[2.750s] Installing default_server_endpoint script to /home/paolo/ros2_ws/install/ros_tcp_endpoint/lib/ros_tcp_endpoint
[2.752s] writing list of installed files to '/home/paolo/ros2_ws/build/ros_tcp_endpoint/install.log'
[2.812s] Invoked command in '/home/paolo/ros2_ws/src/ROS-TCP-Endpoint' returned '0': PYTHONPATH=/home/paolo/ros2_ws/build/ros_tcp_endpoint/prefix_override:/usr/lib/python3/dist-packages/colcon_core/task/python/colcon_distutils_commands:/home/paolo/ros2_ws/install/ros_tcp_endpoint/lib/python3.12/site-packages:${PYTHONPATH} /usr/bin/python3 -W ignore:setup.py install is deprecated -W ignore:easy_install command is deprecated setup.py egg_info --egg-base ../../build/ros_tcp_endpoint build --build-base /home/paolo/ros2_ws/build/ros_tcp_endpoint/build install --record /home/paolo/ros2_ws/build/ros_tcp_endpoint/install.log --install-scripts $base/lib/ros_tcp_endpoint --single-version-externally-managed install_data
